<?xml version="1.0" encoding="UTF-8"?>
<testsuite xmlns:xsi="http://www.w3.org/2001/XMLSchema-instance" xsi:noNamespaceSchemaLocation="https://maven.apache.org/surefire/maven-surefire-plugin/xsd/surefire-test-report.xsd" name="TestSuite" time="96.427" tests="13" errors="0" skipped="5" failures="7">
  <properties>
    <property name="java.specification.version" value="17"/>
    <property name="sun.jnu.encoding" value="UTF-8"/>
    <property name="java.class.path" value="/Users/Ronak/Desktop/Selenium/FreeCrmProject/target/test-classes:/Users/Ronak/Desktop/Selenium/FreeCrmProject/target/classes:/Users/Ronak/.m2/repository/org/seleniumhq/selenium/selenium-java/3.5.3/selenium-java-3.5.3.jar:/Users/Ronak/.m2/repository/org/seleniumhq/selenium/selenium-api/3.5.3/selenium-api-3.5.3.jar:/Users/Ronak/.m2/repository/org/seleniumhq/selenium/selenium-chrome-driver/3.5.3/selenium-chrome-driver-3.5.3.jar:/Users/Ronak/.m2/repository/org/seleniumhq/selenium/selenium-edge-driver/3.5.3/selenium-edge-driver-3.5.3.jar:/Users/Ronak/.m2/repository/org/seleniumhq/selenium/selenium-firefox-driver/3.5.3/selenium-firefox-driver-3.5.3.jar:/Users/Ronak/.m2/repository/org/seleniumhq/selenium/selenium-ie-driver/3.5.3/selenium-ie-driver-3.5.3.jar:/Users/Ronak/.m2/repository/org/seleniumhq/selenium/selenium-opera-driver/3.5.3/selenium-opera-driver-3.5.3.jar:/Users/Ronak/.m2/repository/org/seleniumhq/selenium/selenium-remote-driver/3.5.3/selenium-remote-driver-3.5.3.jar:/Users/Ronak/.m2/repository/org/seleniumhq/selenium/selenium-safari-driver/3.5.3/selenium-safari-driver-3.5.3.jar:/Users/Ronak/.m2/repository/org/seleniumhq/selenium/selenium-support/3.5.3/selenium-support-3.5.3.jar:/Users/Ronak/.m2/repository/cglib/cglib-nodep/3.2.4/cglib-nodep-3.2.4.jar:/Users/Ronak/.m2/repository/org/apache/commons/commons-exec/1.3/commons-exec-1.3.jar:/Users/Ronak/.m2/repository/org/apache/commons/commons-lang3/3.5/commons-lang3-3.5.jar:/Users/Ronak/.m2/repository/commons-codec/commons-codec/1.10/commons-codec-1.10.jar:/Users/Ronak/.m2/repository/commons-logging/commons-logging/1.2/commons-logging-1.2.jar:/Users/Ronak/.m2/repository/org/w3c/css/sac/1.3/sac-1.3.jar:/Users/Ronak/.m2/repository/net/sourceforge/cssparser/cssparser/0.9.23/cssparser-0.9.23.jar:/Users/Ronak/.m2/repository/com/google/code/gson/gson/2.8.0/gson-2.8.0.jar:/Users/Ronak/.m2/repository/com/google/guava/guava/23.0/guava-23.0.jar:/Users/Ronak/.m2/repository/com/google/code/findbugs/jsr305/1.3.9/jsr305-1.3.9.jar:/Users/Ronak/.m2/repository/com/google/errorprone/error_prone_annotations/2.0.18/error_prone_annotations-2.0.18.jar:/Users/Ronak/.m2/repository/com/google/j2objc/j2objc-annotations/1.1/j2objc-annotations-1.1.jar:/Users/Ronak/.m2/repository/org/codehaus/mojo/animal-sniffer-annotations/1.14/animal-sniffer-annotations-1.14.jar:/Users/Ronak/.m2/repository/org/hamcrest/hamcrest-core/1.3/hamcrest-core-1.3.jar:/Users/Ronak/.m2/repository/net/sourceforge/htmlunit/htmlunit/2.27/htmlunit-2.27.jar:/Users/Ronak/.m2/repository/net/sourceforge/htmlunit/htmlunit-core-js/2.27/htmlunit-core-js-2.27.jar:/Users/Ronak/.m2/repository/net/sourceforge/htmlunit/neko-htmlunit/2.27/neko-htmlunit-2.27.jar:/Users/Ronak/.m2/repository/org/apache/httpcomponents/httpclient/4.5.3/httpclient-4.5.3.jar:/Users/Ronak/.m2/repository/org/apache/httpcomponents/httpcore/4.4.6/httpcore-4.4.6.jar:/Users/Ronak/.m2/repository/org/apache/httpcomponents/httpmime/4.5.3/httpmime-4.5.3.jar:/Users/Ronak/.m2/repository/org/eclipse/jetty/jetty-client/9.4.5.v20170502/jetty-client-9.4.5.v20170502.jar:/Users/Ronak/.m2/repository/org/eclipse/jetty/jetty-http/9.4.5.v20170502/jetty-http-9.4.5.v20170502.jar:/Users/Ronak/.m2/repository/org/eclipse/jetty/jetty-io/9.4.5.v20170502/jetty-io-9.4.5.v20170502.jar:/Users/Ronak/.m2/repository/org/eclipse/jetty/jetty-util/9.4.5.v20170502/jetty-util-9.4.5.v20170502.jar:/Users/Ronak/.m2/repository/net/java/dev/jna/jna/4.1.0/jna-4.1.0.jar:/Users/Ronak/.m2/repository/net/java/dev/jna/jna-platform/4.1.0/jna-platform-4.1.0.jar:/Users/Ronak/.m2/repository/com/codeborne/phantomjsdriver/1.4.0/phantomjsdriver-1.4.0.jar:/Users/Ronak/.m2/repository/org/seleniumhq/selenium/htmlunit-driver/2.27/htmlunit-driver-2.27.jar:/Users/Ronak/.m2/repository/javax/servlet/javax.servlet-api/3.1.0/javax.servlet-api-3.1.0.jar:/Users/Ronak/.m2/repository/org/eclipse/jetty/websocket/websocket-api/9.4.5.v20170502/websocket-api-9.4.5.v20170502.jar:/Users/Ronak/.m2/repository/org/eclipse/jetty/websocket/websocket-client/9.4.5.v20170502/websocket-client-9.4.5.v20170502.jar:/Users/Ronak/.m2/repository/org/eclipse/jetty/websocket/websocket-common/9.4.5.v20170502/websocket-common-9.4.5.v20170502.jar:/Users/Ronak/.m2/repository/xalan/serializer/2.7.2/serializer-2.7.2.jar:/Users/Ronak/.m2/repository/xalan/xalan/2.7.2/xalan-2.7.2.jar:/Users/Ronak/.m2/repository/xerces/xercesImpl/2.11.0/xercesImpl-2.11.0.jar:/Users/Ronak/.m2/repository/xml-apis/xml-apis/1.4.01/xml-apis-1.4.01.jar:/Users/Ronak/.m2/repository/org/testng/testng/6.11/testng-6.11.jar:/Users/Ronak/.m2/repository/com/beust/jcommander/1.64/jcommander-1.64.jar:/Users/Ronak/.m2/repository/org/yaml/snakeyaml/1.17/snakeyaml-1.17.jar:/Users/Ronak/.m2/repository/org/apache/poi/poi/5.2.2/poi-5.2.2.jar:/Users/Ronak/.m2/repository/org/apache/commons/commons-collections4/4.4/commons-collections4-4.4.jar:/Users/Ronak/.m2/repository/org/apache/commons/commons-math3/3.6.1/commons-math3-3.6.1.jar:/Users/Ronak/.m2/repository/com/zaxxer/SparseBitSet/1.2/SparseBitSet-1.2.jar:/Users/Ronak/.m2/repository/org/apache/logging/log4j/log4j-api/2.17.2/log4j-api-2.17.2.jar:/Users/Ronak/.m2/repository/org/apache/poi/poi-ooxml/5.2.2/poi-ooxml-5.2.2.jar:/Users/Ronak/.m2/repository/org/apache/poi/poi-ooxml-lite/5.2.2/poi-ooxml-lite-5.2.2.jar:/Users/Ronak/.m2/repository/org/apache/xmlbeans/xmlbeans/5.0.3/xmlbeans-5.0.3.jar:/Users/Ronak/.m2/repository/org/apache/commons/commons-compress/1.21/commons-compress-1.21.jar:/Users/Ronak/.m2/repository/com/github/virtuald/curvesapi/1.07/curvesapi-1.07.jar:/Users/Ronak/.m2/repository/org/apache/poi/poi-ooxml-schemas/4.1.2/poi-ooxml-schemas-4.1.2.jar:/Users/Ronak/.m2/repository/org/apache/poi/poi-scratchpad/5.2.2/poi-scratchpad-5.2.2.jar:/Users/Ronak/.m2/repository/org/apache/poi/ooxml-schemas/1.4/ooxml-schemas-1.4.jar:/Users/Ronak/.m2/repository/org/apache/poi/openxml4j/1.0-beta/openxml4j-1.0-beta.jar:/Users/Ronak/.m2/repository/dom4j/dom4j/1.6.1/dom4j-1.6.1.jar:/Users/Ronak/.m2/repository/log4j/log4j/1.2.8/log4j-1.2.8.jar:/Users/Ronak/.m2/repository/com/aventstack/extentreports/5.0.5/extentreports-5.0.5.jar:/Users/Ronak/.m2/repository/io/reactivex/rxjava3/rxjava/3.0.4/rxjava-3.0.4.jar:/Users/Ronak/.m2/repository/org/reactivestreams/reactive-streams/1.0.3/reactive-streams-1.0.3.jar:/Users/Ronak/.m2/repository/org/freemarker/freemarker/2.3.30/freemarker-2.3.30.jar:/Users/Ronak/.m2/repository/org/projectlombok/lombok/1.18.12/lombok-1.18.12.jar:/Users/Ronak/.m2/repository/io/github/bonigarcia/webdrivermanager/5.2.1/webdrivermanager-5.2.1.jar:/Users/Ronak/.m2/repository/org/slf4j/slf4j-api/1.7.36/slf4j-api-1.7.36.jar:/Users/Ronak/.m2/repository/com/github/docker-java/docker-java/3.2.13/docker-java-3.2.13.jar:/Users/Ronak/.m2/repository/com/github/docker-java/docker-java-core/3.2.13/docker-java-core-3.2.13.jar:/Users/Ronak/.m2/repository/com/github/docker-java/docker-java-api/3.2.13/docker-java-api-3.2.13.jar:/Users/Ronak/.m2/repository/com/fasterxml/jackson/core/jackson-annotations/2.10.3/jackson-annotations-2.10.3.jar:/Users/Ronak/.m2/repository/com/fasterxml/jackson/core/jackson-databind/2.10.3/jackson-databind-2.10.3.jar:/Users/Ronak/.m2/repository/com/fasterxml/jackson/core/jackson-core/2.10.3/jackson-core-2.10.3.jar:/Users/Ronak/.m2/repository/org/bouncycastle/bcpkix-jdk15on/1.64/bcpkix-jdk15on-1.64.jar:/Users/Ronak/.m2/repository/org/bouncycastle/bcprov-jdk15on/1.64/bcprov-jdk15on-1.64.jar:/Users/Ronak/.m2/repository/org/slf4j/jcl-over-slf4j/1.7.30/jcl-over-slf4j-1.7.30.jar:/Users/Ronak/.m2/repository/com/github/docker-java/docker-java-transport-httpclient5/3.2.13/docker-java-transport-httpclient5-3.2.13.jar:/Users/Ronak/.m2/repository/com/github/docker-java/docker-java-transport/3.2.13/docker-java-transport-3.2.13.jar:/Users/Ronak/.m2/repository/org/brotli/dec/0.1.2/dec-0.1.2.jar:/Users/Ronak/.m2/repository/org/apache/httpcomponents/client5/httpclient5/5.1.3/httpclient5-5.1.3.jar:/Users/Ronak/.m2/repository/org/apache/httpcomponents/core5/httpcore5/5.1.3/httpcore5-5.1.3.jar:/Users/Ronak/.m2/repository/org/apache/httpcomponents/core5/httpcore5-h2/5.1.3/httpcore5-h2-5.1.3.jar:/Users/Ronak/.m2/repository/org/openqa/selenium/server/selenium-server/1.0-20081010.060147/selenium-server-1.0-20081010.060147.jar:/Users/Ronak/.m2/repository/org/openqa/selenium/server/selenium-server-coreless/1.0-20081010.060147/selenium-server-coreless-1.0-20081010.060147.jar:/Users/Ronak/.m2/repository/ant/ant/1.6.5/ant-1.6.5.jar:/Users/Ronak/.m2/repository/jetty/org.mortbay.jetty/5.1.10/org.mortbay.jetty-5.1.10.jar:/Users/Ronak/.m2/repository/javax/servlet/servlet-api/2.4/servlet-api-2.4.jar:/Users/Ronak/.m2/repository/bouncycastle/bcprov-jdk15/135/bcprov-jdk15-135.jar:/Users/Ronak/.m2/repository/org/openqa/selenium/core/selenium-core/1.0-20080914.225453/selenium-core-1.0-20080914.225453.jar:/Users/Ronak/.m2/repository/org/seleniumhq/selenium/client-drivers/selenium-java-client-driver/1.0.2/selenium-java-client-driver-1.0.2.jar:/Users/Ronak/.m2/repository/net/sourceforge/jexcelapi/jxl/2.6.12/jxl-2.6.12.jar:/Users/Ronak/.m2/repository/commons-io/commons-io/2.11.0/commons-io-2.11.0.jar:/Users/Ronak/.m2/repository/junit/junit/4.11/junit-4.11.jar:"/>
    <property name="java.vm.vendor" value="Eclipse Adoptium"/>
    <property name="sun.arch.data.model" value="64"/>
    <property name="java.vendor.url" value="https://adoptium.net/"/>
    <property name="os.name" value="Mac OS X"/>
    <property name="java.vm.specification.version" value="17"/>
    <property name="sun.java.launcher" value="SUN_STANDARD"/>
    <property name="user.country" value="US"/>
    <property name="sun.boot.library.path" value="/Users/Ronak/.p2/pool/plugins/org.eclipse.justj.openjdk.hotspot.jre.full.macosx.x86_64_17.0.4.v20221004-1257/jre/lib"/>
    <property name="sun.java.command" value="/Users/Ronak/Desktop/Selenium/FreeCrmProject/target/surefire/surefirebooter17696163890974659722.jar /Users/Ronak/Desktop/Selenium/FreeCrmProject/target/surefire 2023-03-12T23-48-38_727-jvmRun1 surefire6043600577750765664tmp surefire_03967442842078325969tmp"/>
    <property name="http.nonProxyHosts" value="local|*.local|169.254/16|*.169.254/16"/>
    <property name="jdk.debug" value="release"/>
    <property name="surefire.test.class.path" value="/Users/Ronak/Desktop/Selenium/FreeCrmProject/target/test-classes:/Users/Ronak/Desktop/Selenium/FreeCrmProject/target/classes:/Users/Ronak/.m2/repository/org/seleniumhq/selenium/selenium-java/3.5.3/selenium-java-3.5.3.jar:/Users/Ronak/.m2/repository/org/seleniumhq/selenium/selenium-api/3.5.3/selenium-api-3.5.3.jar:/Users/Ronak/.m2/repository/org/seleniumhq/selenium/selenium-chrome-driver/3.5.3/selenium-chrome-driver-3.5.3.jar:/Users/Ronak/.m2/repository/org/seleniumhq/selenium/selenium-edge-driver/3.5.3/selenium-edge-driver-3.5.3.jar:/Users/Ronak/.m2/repository/org/seleniumhq/selenium/selenium-firefox-driver/3.5.3/selenium-firefox-driver-3.5.3.jar:/Users/Ronak/.m2/repository/org/seleniumhq/selenium/selenium-ie-driver/3.5.3/selenium-ie-driver-3.5.3.jar:/Users/Ronak/.m2/repository/org/seleniumhq/selenium/selenium-opera-driver/3.5.3/selenium-opera-driver-3.5.3.jar:/Users/Ronak/.m2/repository/org/seleniumhq/selenium/selenium-remote-driver/3.5.3/selenium-remote-driver-3.5.3.jar:/Users/Ronak/.m2/repository/org/seleniumhq/selenium/selenium-safari-driver/3.5.3/selenium-safari-driver-3.5.3.jar:/Users/Ronak/.m2/repository/org/seleniumhq/selenium/selenium-support/3.5.3/selenium-support-3.5.3.jar:/Users/Ronak/.m2/repository/cglib/cglib-nodep/3.2.4/cglib-nodep-3.2.4.jar:/Users/Ronak/.m2/repository/org/apache/commons/commons-exec/1.3/commons-exec-1.3.jar:/Users/Ronak/.m2/repository/org/apache/commons/commons-lang3/3.5/commons-lang3-3.5.jar:/Users/Ronak/.m2/repository/commons-codec/commons-codec/1.10/commons-codec-1.10.jar:/Users/Ronak/.m2/repository/commons-logging/commons-logging/1.2/commons-logging-1.2.jar:/Users/Ronak/.m2/repository/org/w3c/css/sac/1.3/sac-1.3.jar:/Users/Ronak/.m2/repository/net/sourceforge/cssparser/cssparser/0.9.23/cssparser-0.9.23.jar:/Users/Ronak/.m2/repository/com/google/code/gson/gson/2.8.0/gson-2.8.0.jar:/Users/Ronak/.m2/repository/com/google/guava/guava/23.0/guava-23.0.jar:/Users/Ronak/.m2/repository/com/google/code/findbugs/jsr305/1.3.9/jsr305-1.3.9.jar:/Users/Ronak/.m2/repository/com/google/errorprone/error_prone_annotations/2.0.18/error_prone_annotations-2.0.18.jar:/Users/Ronak/.m2/repository/com/google/j2objc/j2objc-annotations/1.1/j2objc-annotations-1.1.jar:/Users/Ronak/.m2/repository/org/codehaus/mojo/animal-sniffer-annotations/1.14/animal-sniffer-annotations-1.14.jar:/Users/Ronak/.m2/repository/org/hamcrest/hamcrest-core/1.3/hamcrest-core-1.3.jar:/Users/Ronak/.m2/repository/net/sourceforge/htmlunit/htmlunit/2.27/htmlunit-2.27.jar:/Users/Ronak/.m2/repository/net/sourceforge/htmlunit/htmlunit-core-js/2.27/htmlunit-core-js-2.27.jar:/Users/Ronak/.m2/repository/net/sourceforge/htmlunit/neko-htmlunit/2.27/neko-htmlunit-2.27.jar:/Users/Ronak/.m2/repository/org/apache/httpcomponents/httpclient/4.5.3/httpclient-4.5.3.jar:/Users/Ronak/.m2/repository/org/apache/httpcomponents/httpcore/4.4.6/httpcore-4.4.6.jar:/Users/Ronak/.m2/repository/org/apache/httpcomponents/httpmime/4.5.3/httpmime-4.5.3.jar:/Users/Ronak/.m2/repository/org/eclipse/jetty/jetty-client/9.4.5.v20170502/jetty-client-9.4.5.v20170502.jar:/Users/Ronak/.m2/repository/org/eclipse/jetty/jetty-http/9.4.5.v20170502/jetty-http-9.4.5.v20170502.jar:/Users/Ronak/.m2/repository/org/eclipse/jetty/jetty-io/9.4.5.v20170502/jetty-io-9.4.5.v20170502.jar:/Users/Ronak/.m2/repository/org/eclipse/jetty/jetty-util/9.4.5.v20170502/jetty-util-9.4.5.v20170502.jar:/Users/Ronak/.m2/repository/net/java/dev/jna/jna/4.1.0/jna-4.1.0.jar:/Users/Ronak/.m2/repository/net/java/dev/jna/jna-platform/4.1.0/jna-platform-4.1.0.jar:/Users/Ronak/.m2/repository/com/codeborne/phantomjsdriver/1.4.0/phantomjsdriver-1.4.0.jar:/Users/Ronak/.m2/repository/org/seleniumhq/selenium/htmlunit-driver/2.27/htmlunit-driver-2.27.jar:/Users/Ronak/.m2/repository/javax/servlet/javax.servlet-api/3.1.0/javax.servlet-api-3.1.0.jar:/Users/Ronak/.m2/repository/org/eclipse/jetty/websocket/websocket-api/9.4.5.v20170502/websocket-api-9.4.5.v20170502.jar:/Users/Ronak/.m2/repository/org/eclipse/jetty/websocket/websocket-client/9.4.5.v20170502/websocket-client-9.4.5.v20170502.jar:/Users/Ronak/.m2/repository/org/eclipse/jetty/websocket/websocket-common/9.4.5.v20170502/websocket-common-9.4.5.v20170502.jar:/Users/Ronak/.m2/repository/xalan/serializer/2.7.2/serializer-2.7.2.jar:/Users/Ronak/.m2/repository/xalan/xalan/2.7.2/xalan-2.7.2.jar:/Users/Ronak/.m2/repository/xerces/xercesImpl/2.11.0/xercesImpl-2.11.0.jar:/Users/Ronak/.m2/repository/xml-apis/xml-apis/1.4.01/xml-apis-1.4.01.jar:/Users/Ronak/.m2/repository/org/testng/testng/6.11/testng-6.11.jar:/Users/Ronak/.m2/repository/com/beust/jcommander/1.64/jcommander-1.64.jar:/Users/Ronak/.m2/repository/org/yaml/snakeyaml/1.17/snakeyaml-1.17.jar:/Users/Ronak/.m2/repository/org/apache/poi/poi/5.2.2/poi-5.2.2.jar:/Users/Ronak/.m2/repository/org/apache/commons/commons-collections4/4.4/commons-collections4-4.4.jar:/Users/Ronak/.m2/repository/org/apache/commons/commons-math3/3.6.1/commons-math3-3.6.1.jar:/Users/Ronak/.m2/repository/com/zaxxer/SparseBitSet/1.2/SparseBitSet-1.2.jar:/Users/Ronak/.m2/repository/org/apache/logging/log4j/log4j-api/2.17.2/log4j-api-2.17.2.jar:/Users/Ronak/.m2/repository/org/apache/poi/poi-ooxml/5.2.2/poi-ooxml-5.2.2.jar:/Users/Ronak/.m2/repository/org/apache/poi/poi-ooxml-lite/5.2.2/poi-ooxml-lite-5.2.2.jar:/Users/Ronak/.m2/repository/org/apache/xmlbeans/xmlbeans/5.0.3/xmlbeans-5.0.3.jar:/Users/Ronak/.m2/repository/org/apache/commons/commons-compress/1.21/commons-compress-1.21.jar:/Users/Ronak/.m2/repository/com/github/virtuald/curvesapi/1.07/curvesapi-1.07.jar:/Users/Ronak/.m2/repository/org/apache/poi/poi-ooxml-schemas/4.1.2/poi-ooxml-schemas-4.1.2.jar:/Users/Ronak/.m2/repository/org/apache/poi/poi-scratchpad/5.2.2/poi-scratchpad-5.2.2.jar:/Users/Ronak/.m2/repository/org/apache/poi/ooxml-schemas/1.4/ooxml-schemas-1.4.jar:/Users/Ronak/.m2/repository/org/apache/poi/openxml4j/1.0-beta/openxml4j-1.0-beta.jar:/Users/Ronak/.m2/repository/dom4j/dom4j/1.6.1/dom4j-1.6.1.jar:/Users/Ronak/.m2/repository/log4j/log4j/1.2.8/log4j-1.2.8.jar:/Users/Ronak/.m2/repository/com/aventstack/extentreports/5.0.5/extentreports-5.0.5.jar:/Users/Ronak/.m2/repository/io/reactivex/rxjava3/rxjava/3.0.4/rxjava-3.0.4.jar:/Users/Ronak/.m2/repository/org/reactivestreams/reactive-streams/1.0.3/reactive-streams-1.0.3.jar:/Users/Ronak/.m2/repository/org/freemarker/freemarker/2.3.30/freemarker-2.3.30.jar:/Users/Ronak/.m2/repository/org/projectlombok/lombok/1.18.12/lombok-1.18.12.jar:/Users/Ronak/.m2/repository/io/github/bonigarcia/webdrivermanager/5.2.1/webdrivermanager-5.2.1.jar:/Users/Ronak/.m2/repository/org/slf4j/slf4j-api/1.7.36/slf4j-api-1.7.36.jar:/Users/Ronak/.m2/repository/com/github/docker-java/docker-java/3.2.13/docker-java-3.2.13.jar:/Users/Ronak/.m2/repository/com/github/docker-java/docker-java-core/3.2.13/docker-java-core-3.2.13.jar:/Users/Ronak/.m2/repository/com/github/docker-java/docker-java-api/3.2.13/docker-java-api-3.2.13.jar:/Users/Ronak/.m2/repository/com/fasterxml/jackson/core/jackson-annotations/2.10.3/jackson-annotations-2.10.3.jar:/Users/Ronak/.m2/repository/com/fasterxml/jackson/core/jackson-databind/2.10.3/jackson-databind-2.10.3.jar:/Users/Ronak/.m2/repository/com/fasterxml/jackson/core/jackson-core/2.10.3/jackson-core-2.10.3.jar:/Users/Ronak/.m2/repository/org/bouncycastle/bcpkix-jdk15on/1.64/bcpkix-jdk15on-1.64.jar:/Users/Ronak/.m2/repository/org/bouncycastle/bcprov-jdk15on/1.64/bcprov-jdk15on-1.64.jar:/Users/Ronak/.m2/repository/org/slf4j/jcl-over-slf4j/1.7.30/jcl-over-slf4j-1.7.30.jar:/Users/Ronak/.m2/repository/com/github/docker-java/docker-java-transport-httpclient5/3.2.13/docker-java-transport-httpclient5-3.2.13.jar:/Users/Ronak/.m2/repository/com/github/docker-java/docker-java-transport/3.2.13/docker-java-transport-3.2.13.jar:/Users/Ronak/.m2/repository/org/brotli/dec/0.1.2/dec-0.1.2.jar:/Users/Ronak/.m2/repository/org/apache/httpcomponents/client5/httpclient5/5.1.3/httpclient5-5.1.3.jar:/Users/Ronak/.m2/repository/org/apache/httpcomponents/core5/httpcore5/5.1.3/httpcore5-5.1.3.jar:/Users/Ronak/.m2/repository/org/apache/httpcomponents/core5/httpcore5-h2/5.1.3/httpcore5-h2-5.1.3.jar:/Users/Ronak/.m2/repository/org/openqa/selenium/server/selenium-server/1.0-20081010.060147/selenium-server-1.0-20081010.060147.jar:/Users/Ronak/.m2/repository/org/openqa/selenium/server/selenium-server-coreless/1.0-20081010.060147/selenium-server-coreless-1.0-20081010.060147.jar:/Users/Ronak/.m2/repository/ant/ant/1.6.5/ant-1.6.5.jar:/Users/Ronak/.m2/repository/jetty/org.mortbay.jetty/5.1.10/org.mortbay.jetty-5.1.10.jar:/Users/Ronak/.m2/repository/javax/servlet/servlet-api/2.4/servlet-api-2.4.jar:/Users/Ronak/.m2/repository/bouncycastle/bcprov-jdk15/135/bcprov-jdk15-135.jar:/Users/Ronak/.m2/repository/org/openqa/selenium/core/selenium-core/1.0-20080914.225453/selenium-core-1.0-20080914.225453.jar:/Users/Ronak/.m2/repository/org/seleniumhq/selenium/client-drivers/selenium-java-client-driver/1.0.2/selenium-java-client-driver-1.0.2.jar:/Users/Ronak/.m2/repository/net/sourceforge/jexcelapi/jxl/2.6.12/jxl-2.6.12.jar:/Users/Ronak/.m2/repository/commons-io/commons-io/2.11.0/commons-io-2.11.0.jar:/Users/Ronak/.m2/repository/junit/junit/4.11/junit-4.11.jar:"/>
    <property name="sun.cpu.endian" value="little"/>
    <property name="user.home" value="/Users/Ronak"/>
    <property name="user.language" value="en"/>
    <property name="java.specification.vendor" value="Oracle Corporation"/>
    <property name="java.version.date" value="2022-08-12"/>
    <property name="java.home" value="/Users/Ronak/.p2/pool/plugins/org.eclipse.justj.openjdk.hotspot.jre.full.macosx.x86_64_17.0.4.v20221004-1257/jre"/>
    <property name="file.separator" value="/"/>
    <property name="style.color" value="always"/>
    <property name="basedir" value="/Users/Ronak/Desktop/Selenium/FreeCrmProject"/>
    <property name="java.vm.compressedOopsMode" value="Zero based"/>
    <property name="line.separator" value="&#10;"/>
    <property name="java.vm.specification.vendor" value="Oracle Corporation"/>
    <property name="java.specification.name" value="Java Platform API Specification"/>
    <property name="surefire.real.class.path" value="/Users/Ronak/Desktop/Selenium/FreeCrmProject/target/surefire/surefirebooter17696163890974659722.jar"/>
    <property name="sun.management.compiler" value="HotSpot 64-Bit Tiered Compilers"/>
    <property name="ftp.nonProxyHosts" value="local|*.local|169.254/16|*.169.254/16"/>
    <property name="java.runtime.version" value="17.0.4.1+1"/>
    <property name="user.name" value="Ronak"/>
    <property name="path.separator" value=":"/>
    <property name="os.version" value="12.6.3"/>
    <property name="java.runtime.name" value="OpenJDK Runtime Environment"/>
    <property name="file.encoding" value="UTF-8"/>
    <property name="java.vm.name" value="OpenJDK 64-Bit Server VM"/>
    <property name="java.vendor.version" value="Temurin-17.0.4.1+1"/>
    <property name="localRepository" value="/Users/Ronak/.m2/repository"/>
    <property name="java.vendor.url.bug" value="https://github.com/adoptium/adoptium-support/issues"/>
    <property name="java.io.tmpdir" value="/var/folders/ln/yd31s0yn78b31d60xy3jwyfr0000gn/T/"/>
    <property name="java.version" value="17.0.4.1"/>
    <property name="user.dir" value="/Users/Ronak/Desktop/Selenium/FreeCrmProject"/>
    <property name="os.arch" value="x86_64"/>
    <property name="java.vm.specification.name" value="Java Virtual Machine Specification"/>
    <property name="native.encoding" value="UTF-8"/>
    <property name="java.library.path" value="/Users/Ronak/Library/Java/Extensions:/Library/Java/Extensions:/Network/Library/Java/Extensions:/System/Library/Java/Extensions:/usr/lib/java:."/>
    <property name="java.vm.info" value="mixed mode"/>
    <property name="java.vendor" value="Eclipse Adoptium"/>
    <property name="java.vm.version" value="17.0.4.1+1"/>
    <property name="sun.io.unicode.encoding" value="UnicodeBig"/>
    <property name="socksNonProxyHosts" value="local|*.local|169.254/16|*.169.254/16"/>
    <property name="java.class.version" value="61.0"/>
  </properties>
  <testcase name="label" classname="com.crm.qa.Testcases.HomePageTest" time="20.065">
    <failure message="No frame element found by name or id mainpanel&#10;Build info: version: &apos;3.5.3&apos;, revision: &apos;a88d25fe6b&apos;, time: &apos;2017-08-29T12:42:44.417Z&apos;&#10;System info: host: &apos;Ronaks-MacBook-Pro.local&apos;, ip: &apos;fe80:0:0:0:c8a:f216:bd3d:af8c%en0&apos;, os.name: &apos;Mac OS X&apos;, os.arch: &apos;x86_64&apos;, os.version: &apos;12.6.3&apos;, java.version: &apos;17.0.4.1&apos;&#10;Driver info: driver.version: unknown" type="org.openqa.selenium.NoSuchFrameException">org.openqa.selenium.NoSuchFrameException: 
No frame element found by name or id mainpanel
Build info: version: '3.5.3', revision: 'a88d25fe6b', time: '2017-08-29T12:42:44.417Z'
System info: host: 'Ronaks-MacBook-Pro.local', ip: 'fe80:0:0:0:c8a:f216:bd3d:af8c%en0', os.name: 'Mac OS X', os.arch: 'x86_64', os.version: '12.6.3', java.version: '17.0.4.1'
Driver info: driver.version: unknown
	at com.crm.qa.Testcases.HomePageTest.label(HomePageTest.java:35)
</failure>
    <system-err><![CDATA[SLF4J: Failed to load class "org.slf4j.impl.StaticLoggerBinder".
SLF4J: Defaulting to no-operation (NOP) logger implementation
SLF4J: See http://www.slf4j.org/codes.html#StaticLoggerBinder for further details.
Starting ChromeDriver 110.0.5481.77 (65ed616c6e8ee3fe0ad64fe83796c020644d42af-refs/branch-heads/5481@{#839}) on port 32006
Only local connections are allowed.
Please see https://chromedriver.chromium.org/security-considerations for suggestions on keeping ChromeDriver safe.
ChromeDriver was started successfully.
[1678690122.781][WARNING]: virtual void DevToolsClientImpl::AddListener(DevToolsEventListener *) subscribing a listener to the already connected DevToolsClient. Connection notification will not arrive.
Mar 12, 2023 11:48:42 PM org.openqa.selenium.remote.ProtocolHandshake createSession
INFO: Detected dialect: W3C
]]></system-err>
  </testcase>
  <testcase name="newcontact" classname="com.crm.qa.Testcases.HomePageTest" time="3.552">
    <failure message="no such window: target window already closed&#10;from unknown error: web view not found&#10;  (Session info: chrome=110.0.5481.177)&#10;Build info: version: &apos;3.5.3&apos;, revision: &apos;a88d25fe6b&apos;, time: &apos;2017-08-29T12:42:44.417Z&apos;&#10;System info: host: &apos;Ronaks-MacBook-Pro.local&apos;, ip: &apos;fe80:0:0:0:c8a:f216:bd3d:af8c%en0&apos;, os.name: &apos;Mac OS X&apos;, os.arch: &apos;x86_64&apos;, os.version: &apos;12.6.3&apos;, java.version: &apos;17.0.4.1&apos;&#10;Driver info: org.openqa.selenium.chrome.ChromeDriver&#10;Capabilities [{networkConnectionEnabled=false, chrome={chromedriverVersion=110.0.5481.77 (65ed616c6e8ee3fe0ad64fe83796c020644d42af-refs/branch-heads/5481@{#839}), userDataDir=/var/folders/ln/yd31s0yn78b31d60xy3jwyfr0000gn/T/.com.google.Chrome.PdfGCN}, timeouts={implicit=0, pageLoad=300000, script=30000}, pageLoadStrategy=normal, unhandledPromptBehavior=dismiss and notify, strictFileInteractability=false, platform=MAC, proxy=Proxy(), goog:chromeOptions={debuggerAddress=localhost:63874}, webauthn:extension:credBlob=true, acceptInsecureCerts=false, browserVersion=110.0.5481.177, browserName=chrome, javascriptEnabled=true, platformName=MAC, setWindowRect=true, webauthn:extension:largeBlob=true, webauthn:virtualAuthenticators=true}]&#10;Session ID: 39816cf465e0e52999bf56179c5f2c3f&#10;*** Element info: {Using=css selector, value=frame#mainpanel,iframe#mainpanel}" type="org.openqa.selenium.NoSuchWindowException">org.openqa.selenium.NoSuchWindowException: 
no such window: target window already closed
from unknown error: web view not found
  (Session info: chrome=110.0.5481.177)
Build info: version: '3.5.3', revision: 'a88d25fe6b', time: '2017-08-29T12:42:44.417Z'
System info: host: 'Ronaks-MacBook-Pro.local', ip: 'fe80:0:0:0:c8a:f216:bd3d:af8c%en0', os.name: 'Mac OS X', os.arch: 'x86_64', os.version: '12.6.3', java.version: '17.0.4.1'
Driver info: org.openqa.selenium.chrome.ChromeDriver
Capabilities [{networkConnectionEnabled=false, chrome={chromedriverVersion=110.0.5481.77 (65ed616c6e8ee3fe0ad64fe83796c020644d42af-refs/branch-heads/5481@{#839}), userDataDir=/var/folders/ln/yd31s0yn78b31d60xy3jwyfr0000gn/T/.com.google.Chrome.PdfGCN}, timeouts={implicit=0, pageLoad=300000, script=30000}, pageLoadStrategy=normal, unhandledPromptBehavior=dismiss and notify, strictFileInteractability=false, platform=MAC, proxy=Proxy(), goog:chromeOptions={debuggerAddress=localhost:63874}, webauthn:extension:credBlob=true, acceptInsecureCerts=false, browserVersion=110.0.5481.177, browserName=chrome, javascriptEnabled=true, platformName=MAC, setWindowRect=true, webauthn:extension:largeBlob=true, webauthn:virtualAuthenticators=true}]
Session ID: 39816cf465e0e52999bf56179c5f2c3f
*** Element info: {Using=css selector, value=frame#mainpanel,iframe#mainpanel}
	at com.crm.qa.Testcases.HomePageTest.newcontact(HomePageTest.java:45)
</failure>
    <system-err><![CDATA[Starting ChromeDriver 110.0.5481.77 (65ed616c6e8ee3fe0ad64fe83796c020644d42af-refs/branch-heads/5481@{#839}) on port 13866
Only local connections are allowed.
Please see https://chromedriver.chromium.org/security-considerations for suggestions on keeping ChromeDriver safe.
ChromeDriver was started successfully.
[1678690148.532][WARNING]: virtual void DevToolsClientImpl::AddListener(DevToolsEventListener *) subscribing a listener to the already connected DevToolsClient. Connection notification will not arrive.
Mar 12, 2023 11:49:08 PM org.openqa.selenium.remote.ProtocolHandshake createSession
INFO: Detected dialect: W3C
Mar 12, 2023 11:49:15 PM org.openqa.selenium.remote.ErrorCodes toStatus
INFO: HTTP Status: '404' -> incorrect JSON status mapping for 'no such window' (400 expected)
]]></system-err>
  </testcase>
  <testcase name="validatetitletest" classname="com.crm.qa.Testcases.LoginPageTest" time="3.026"/>
  <testcase name="CreateNewContact" classname="com.crm.qa.Testcases.ContactPageTest" time="20.173">
    <failure message="No frame element found by name or id mainpanel&#10;Build info: version: &apos;3.5.3&apos;, revision: &apos;a88d25fe6b&apos;, time: &apos;2017-08-29T12:42:44.417Z&apos;&#10;System info: host: &apos;Ronaks-MacBook-Pro.local&apos;, ip: &apos;fe80:0:0:0:c8a:f216:bd3d:af8c%en0&apos;, os.name: &apos;Mac OS X&apos;, os.arch: &apos;x86_64&apos;, os.version: &apos;12.6.3&apos;, java.version: &apos;17.0.4.1&apos;&#10;Driver info: driver.version: unknown" type="org.openqa.selenium.NoSuchFrameException">org.openqa.selenium.NoSuchFrameException: 
No frame element found by name or id mainpanel
Build info: version: '3.5.3', revision: 'a88d25fe6b', time: '2017-08-29T12:42:44.417Z'
System info: host: 'Ronaks-MacBook-Pro.local', ip: 'fe80:0:0:0:c8a:f216:bd3d:af8c%en0', os.name: 'Mac OS X', os.arch: 'x86_64', os.version: '12.6.3', java.version: '17.0.4.1'
Driver info: driver.version: unknown
	at com.crm.qa.Testcases.ContactPageTest.CreateNewContact(ContactPageTest.java:47)
</failure>
    <system-err><![CDATA[ERROR StatusLogger Log4j2 could not find a logging implementation. Please add log4j-core to the classpath. Using SimpleLogger to log to the console...
Starting ChromeDriver 110.0.5481.77 (65ed616c6e8ee3fe0ad64fe83796c020644d42af-refs/branch-heads/5481@{#839}) on port 38388
Only local connections are allowed.
Please see https://chromedriver.chromium.org/security-considerations for suggestions on keeping ChromeDriver safe.
ChromeDriver was started successfully.
[1678690165.329][WARNING]: virtual void DevToolsClientImpl::AddListener(DevToolsEventListener *) subscribing a listener to the already connected DevToolsClient. Connection notification will not arrive.
Mar 12, 2023 11:49:25 PM org.openqa.selenium.remote.ProtocolHandshake createSession
INFO: Detected dialect: W3C
]]></system-err>
  </testcase>
  <testcase name="CreateNewContact" classname="com.crm.qa.Testcases.ContactPageTest" time="16.262">
    <failure message="No frame element found by name or id mainpanel&#10;Build info: version: &apos;3.5.3&apos;, revision: &apos;a88d25fe6b&apos;, time: &apos;2017-08-29T12:42:44.417Z&apos;&#10;System info: host: &apos;Ronaks-MacBook-Pro.local&apos;, ip: &apos;fe80:0:0:0:c8a:f216:bd3d:af8c%en0&apos;, os.name: &apos;Mac OS X&apos;, os.arch: &apos;x86_64&apos;, os.version: &apos;12.6.3&apos;, java.version: &apos;17.0.4.1&apos;&#10;Driver info: driver.version: unknown" type="org.openqa.selenium.NoSuchFrameException">org.openqa.selenium.NoSuchFrameException: 
No frame element found by name or id mainpanel
Build info: version: '3.5.3', revision: 'a88d25fe6b', time: '2017-08-29T12:42:44.417Z'
System info: host: 'Ronaks-MacBook-Pro.local', ip: 'fe80:0:0:0:c8a:f216:bd3d:af8c%en0', os.name: 'Mac OS X', os.arch: 'x86_64', os.version: '12.6.3', java.version: '17.0.4.1'
Driver info: driver.version: unknown
	at com.crm.qa.Testcases.ContactPageTest.CreateNewContact(ContactPageTest.java:47)
</failure>
    <system-err><![CDATA[Starting ChromeDriver 110.0.5481.77 (65ed616c6e8ee3fe0ad64fe83796c020644d42af-refs/branch-heads/5481@{#839}) on port 29284
Only local connections are allowed.
Please see https://chromedriver.chromium.org/security-considerations for suggestions on keeping ChromeDriver safe.
ChromeDriver was started successfully.
[1678690190.748][WARNING]: virtual void DevToolsClientImpl::AddListener(DevToolsEventListener *) subscribing a listener to the already connected DevToolsClient. Connection notification will not arrive.
Mar 12, 2023 11:49:50 PM org.openqa.selenium.remote.ProtocolHandshake createSession
INFO: Detected dialect: W3C
]]></system-err>
  </testcase>
  <testcase name="CreateNewContact" classname="com.crm.qa.Testcases.ContactPageTest" time="0">
    <skipped message="no such window: target window already closed&#10;from unknown error: web view not found&#10;  (Session info: chrome=110.0.5481.177)&#10;Build info: version: &apos;3.5.3&apos;, revision: &apos;a88d25fe6b&apos;, time: &apos;2017-08-29T12:42:44.417Z&apos;&#10;System info: host: &apos;Ronaks-MacBook-Pro.local&apos;, ip: &apos;fe80:0:0:0:c8a:f216:bd3d:af8c%en0&apos;, os.name: &apos;Mac OS X&apos;, os.arch: &apos;x86_64&apos;, os.version: &apos;12.6.3&apos;, java.version: &apos;17.0.4.1&apos;&#10;Driver info: org.openqa.selenium.chrome.ChromeDriver&#10;Capabilities [{networkConnectionEnabled=false, chrome={chromedriverVersion=110.0.5481.77 (65ed616c6e8ee3fe0ad64fe83796c020644d42af-refs/branch-heads/5481@{#839}), userDataDir=/var/folders/ln/yd31s0yn78b31d60xy3jwyfr0000gn/T/.com.google.Chrome.UziU7G}, timeouts={implicit=0, pageLoad=300000, script=30000}, pageLoadStrategy=normal, unhandledPromptBehavior=dismiss and notify, strictFileInteractability=false, platform=MAC, proxy=Proxy(), goog:chromeOptions={debuggerAddress=localhost:64196}, webauthn:extension:credBlob=true, acceptInsecureCerts=false, browserVersion=110.0.5481.177, browserName=chrome, javascriptEnabled=true, platformName=MAC, setWindowRect=true, webauthn:extension:largeBlob=true, webauthn:virtualAuthenticators=true}]&#10;Session ID: d1f19da59f621fe2acb664ed4284f5e8&#10;*** Element info: {Using=name, value=username}"/>
  </testcase>
  <testcase name="CreateNewContact" classname="com.crm.qa.Testcases.ContactPageTest" time="0">
    <skipped message="no such window: target window already closed&#10;from unknown error: web view not found&#10;  (Session info: chrome=110.0.5481.177)&#10;Build info: version: &apos;3.5.3&apos;, revision: &apos;a88d25fe6b&apos;, time: &apos;2017-08-29T12:42:44.417Z&apos;&#10;System info: host: &apos;Ronaks-MacBook-Pro.local&apos;, ip: &apos;fe80:0:0:0:c8a:f216:bd3d:af8c%en0&apos;, os.name: &apos;Mac OS X&apos;, os.arch: &apos;x86_64&apos;, os.version: &apos;12.6.3&apos;, java.version: &apos;17.0.4.1&apos;&#10;Driver info: org.openqa.selenium.chrome.ChromeDriver&#10;Capabilities [{networkConnectionEnabled=false, chrome={chromedriverVersion=110.0.5481.77 (65ed616c6e8ee3fe0ad64fe83796c020644d42af-refs/branch-heads/5481@{#839}), userDataDir=/var/folders/ln/yd31s0yn78b31d60xy3jwyfr0000gn/T/.com.google.Chrome.UziU7G}, timeouts={implicit=0, pageLoad=300000, script=30000}, pageLoadStrategy=normal, unhandledPromptBehavior=dismiss and notify, strictFileInteractability=false, platform=MAC, proxy=Proxy(), goog:chromeOptions={debuggerAddress=localhost:64196}, webauthn:extension:credBlob=true, acceptInsecureCerts=false, browserVersion=110.0.5481.177, browserName=chrome, javascriptEnabled=true, platformName=MAC, setWindowRect=true, webauthn:extension:largeBlob=true, webauthn:virtualAuthenticators=true}]&#10;Session ID: d1f19da59f621fe2acb664ed4284f5e8&#10;*** Element info: {Using=name, value=username}"/>
  </testcase>
  <testcase name="SetUp" classname="com.crm.qa.Testcases.ContactPageTest" time="18.994">
    <failure message="no such window: target window already closed&#10;from unknown error: web view not found&#10;  (Session info: chrome=110.0.5481.177)&#10;Build info: version: &apos;3.5.3&apos;, revision: &apos;a88d25fe6b&apos;, time: &apos;2017-08-29T12:42:44.417Z&apos;&#10;System info: host: &apos;Ronaks-MacBook-Pro.local&apos;, ip: &apos;fe80:0:0:0:c8a:f216:bd3d:af8c%en0&apos;, os.name: &apos;Mac OS X&apos;, os.arch: &apos;x86_64&apos;, os.version: &apos;12.6.3&apos;, java.version: &apos;17.0.4.1&apos;&#10;Driver info: org.openqa.selenium.chrome.ChromeDriver&#10;Capabilities [{networkConnectionEnabled=false, chrome={chromedriverVersion=110.0.5481.77 (65ed616c6e8ee3fe0ad64fe83796c020644d42af-refs/branch-heads/5481@{#839}), userDataDir=/var/folders/ln/yd31s0yn78b31d60xy3jwyfr0000gn/T/.com.google.Chrome.UziU7G}, timeouts={implicit=0, pageLoad=300000, script=30000}, pageLoadStrategy=normal, unhandledPromptBehavior=dismiss and notify, strictFileInteractability=false, platform=MAC, proxy=Proxy(), goog:chromeOptions={debuggerAddress=localhost:64196}, webauthn:extension:credBlob=true, acceptInsecureCerts=false, browserVersion=110.0.5481.177, browserName=chrome, javascriptEnabled=true, platformName=MAC, setWindowRect=true, webauthn:extension:largeBlob=true, webauthn:virtualAuthenticators=true}]&#10;Session ID: d1f19da59f621fe2acb664ed4284f5e8&#10;*** Element info: {Using=name, value=username}" type="org.openqa.selenium.NoSuchWindowException">org.openqa.selenium.NoSuchWindowException: 
no such window: target window already closed
from unknown error: web view not found
  (Session info: chrome=110.0.5481.177)
Build info: version: '3.5.3', revision: 'a88d25fe6b', time: '2017-08-29T12:42:44.417Z'
System info: host: 'Ronaks-MacBook-Pro.local', ip: 'fe80:0:0:0:c8a:f216:bd3d:af8c%en0', os.name: 'Mac OS X', os.arch: 'x86_64', os.version: '12.6.3', java.version: '17.0.4.1'
Driver info: org.openqa.selenium.chrome.ChromeDriver
Capabilities [{networkConnectionEnabled=false, chrome={chromedriverVersion=110.0.5481.77 (65ed616c6e8ee3fe0ad64fe83796c020644d42af-refs/branch-heads/5481@{#839}), userDataDir=/var/folders/ln/yd31s0yn78b31d60xy3jwyfr0000gn/T/.com.google.Chrome.UziU7G}, timeouts={implicit=0, pageLoad=300000, script=30000}, pageLoadStrategy=normal, unhandledPromptBehavior=dismiss and notify, strictFileInteractability=false, platform=MAC, proxy=Proxy(), goog:chromeOptions={debuggerAddress=localhost:64196}, webauthn:extension:credBlob=true, acceptInsecureCerts=false, browserVersion=110.0.5481.177, browserName=chrome, javascriptEnabled=true, platformName=MAC, setWindowRect=true, webauthn:extension:largeBlob=true, webauthn:virtualAuthenticators=true}]
Session ID: d1f19da59f621fe2acb664ed4284f5e8
*** Element info: {Using=name, value=username}
	at com.crm.qa.Testcases.ContactPageTest.SetUp(ContactPageTest.java:29)
</failure>
    <system-err><![CDATA[Starting ChromeDriver 110.0.5481.77 (65ed616c6e8ee3fe0ad64fe83796c020644d42af-refs/branch-heads/5481@{#839}) on port 17175
Only local connections are allowed.
Please see https://chromedriver.chromium.org/security-considerations for suggestions on keeping ChromeDriver safe.
ChromeDriver was started successfully.
[1678690212.123][WARNING]: virtual void DevToolsClientImpl::AddListener(DevToolsEventListener *) subscribing a listener to the already connected DevToolsClient. Connection notification will not arrive.
Mar 12, 2023 11:50:12 PM org.openqa.selenium.remote.ProtocolHandshake createSession
INFO: Detected dialect: W3C
Mar 12, 2023 11:50:13 PM org.openqa.selenium.remote.ErrorCodes toStatus
INFO: HTTP Status: '404' -> incorrect JSON status mapping for 'no such window' (400 expected)
]]></system-err>
  </testcase>
  <testcase name="SetUp" classname="com.crm.qa.Testcases.ContactPageTest" time="0">
    <skipped/>
  </testcase>
  <testcase name="validateLogoTest" classname="com.crm.qa.Testcases.LoginPageTest" time="0.008">
    <failure message="no such window: target window already closed&#10;from unknown error: web view not found&#10;  (Session info: chrome=110.0.5481.177)&#10;Build info: version: &apos;3.5.3&apos;, revision: &apos;a88d25fe6b&apos;, time: &apos;2017-08-29T12:42:44.417Z&apos;&#10;System info: host: &apos;Ronaks-MacBook-Pro.local&apos;, ip: &apos;fe80:0:0:0:c8a:f216:bd3d:af8c%en0&apos;, os.name: &apos;Mac OS X&apos;, os.arch: &apos;x86_64&apos;, os.version: &apos;12.6.3&apos;, java.version: &apos;17.0.4.1&apos;&#10;Driver info: org.openqa.selenium.chrome.ChromeDriver&#10;Capabilities [{networkConnectionEnabled=false, chrome={chromedriverVersion=110.0.5481.77 (65ed616c6e8ee3fe0ad64fe83796c020644d42af-refs/branch-heads/5481@{#839}), userDataDir=/var/folders/ln/yd31s0yn78b31d60xy3jwyfr0000gn/T/.com.google.Chrome.xBNsRO}, timeouts={implicit=0, pageLoad=300000, script=30000}, pageLoadStrategy=normal, unhandledPromptBehavior=dismiss and notify, strictFileInteractability=false, platform=MAC, proxy=Proxy(), goog:chromeOptions={debuggerAddress=localhost:64221}, webauthn:extension:credBlob=true, acceptInsecureCerts=false, browserVersion=110.0.5481.177, browserName=chrome, javascriptEnabled=true, platformName=MAC, setWindowRect=true, webauthn:extension:largeBlob=true, webauthn:virtualAuthenticators=true}]&#10;Session ID: 44e523338ec59b1f8401ba4c351b8b3f&#10;*** Element info: {Using=xpath, value=/html/body/div[2]/div/div[1]/a/img}" type="org.openqa.selenium.NoSuchWindowException">org.openqa.selenium.NoSuchWindowException: 
no such window: target window already closed
from unknown error: web view not found
  (Session info: chrome=110.0.5481.177)
Build info: version: '3.5.3', revision: 'a88d25fe6b', time: '2017-08-29T12:42:44.417Z'
System info: host: 'Ronaks-MacBook-Pro.local', ip: 'fe80:0:0:0:c8a:f216:bd3d:af8c%en0', os.name: 'Mac OS X', os.arch: 'x86_64', os.version: '12.6.3', java.version: '17.0.4.1'
Driver info: org.openqa.selenium.chrome.ChromeDriver
Capabilities [{networkConnectionEnabled=false, chrome={chromedriverVersion=110.0.5481.77 (65ed616c6e8ee3fe0ad64fe83796c020644d42af-refs/branch-heads/5481@{#839}), userDataDir=/var/folders/ln/yd31s0yn78b31d60xy3jwyfr0000gn/T/.com.google.Chrome.xBNsRO}, timeouts={implicit=0, pageLoad=300000, script=30000}, pageLoadStrategy=normal, unhandledPromptBehavior=dismiss and notify, strictFileInteractability=false, platform=MAC, proxy=Proxy(), goog:chromeOptions={debuggerAddress=localhost:64221}, webauthn:extension:credBlob=true, acceptInsecureCerts=false, browserVersion=110.0.5481.177, browserName=chrome, javascriptEnabled=true, platformName=MAC, setWindowRect=true, webauthn:extension:largeBlob=true, webauthn:virtualAuthenticators=true}]
Session ID: 44e523338ec59b1f8401ba4c351b8b3f
*** Element info: {Using=xpath, value=/html/body/div[2]/div/div[1]/a/img}
	at com.crm.qa.Testcases.LoginPageTest.validateLogoTest(LoginPageTest.java:36)
</failure>
    <system-err><![CDATA[Starting ChromeDriver 110.0.5481.77 (65ed616c6e8ee3fe0ad64fe83796c020644d42af-refs/branch-heads/5481@{#839}) on port 4324
Only local connections are allowed.
Please see https://chromedriver.chromium.org/security-considerations for suggestions on keeping ChromeDriver safe.
ChromeDriver was started successfully.
[1678690214.711][WARNING]: virtual void DevToolsClientImpl::AddListener(DevToolsEventListener *) subscribing a listener to the already connected DevToolsClient. Connection notification will not arrive.
Mar 12, 2023 11:50:14 PM org.openqa.selenium.remote.ProtocolHandshake createSession
INFO: Detected dialect: W3C
Mar 12, 2023 11:50:15 PM org.openqa.selenium.remote.ErrorCodes toStatus
INFO: HTTP Status: '404' -> incorrect JSON status mapping for 'no such window' (400 expected)
]]></system-err>
  </testcase>
  <testcase name="quit" classname="com.crm.qa.Testcases.LoginPageTest" time="0.094">
    <failure message="no such window: target window already closed&#10;from unknown error: web view not found&#10;  (Session info: chrome=110.0.5481.177)&#10;Build info: version: &apos;3.5.3&apos;, revision: &apos;a88d25fe6b&apos;, time: &apos;2017-08-29T12:42:44.417Z&apos;&#10;System info: host: &apos;Ronaks-MacBook-Pro.local&apos;, ip: &apos;fe80:0:0:0:c8a:f216:bd3d:af8c%en0&apos;, os.name: &apos;Mac OS X&apos;, os.arch: &apos;x86_64&apos;, os.version: &apos;12.6.3&apos;, java.version: &apos;17.0.4.1&apos;&#10;Driver info: org.openqa.selenium.chrome.ChromeDriver&#10;Capabilities [{networkConnectionEnabled=false, chrome={chromedriverVersion=110.0.5481.77 (65ed616c6e8ee3fe0ad64fe83796c020644d42af-refs/branch-heads/5481@{#839}), userDataDir=/var/folders/ln/yd31s0yn78b31d60xy3jwyfr0000gn/T/.com.google.Chrome.xBNsRO}, timeouts={implicit=0, pageLoad=300000, script=30000}, pageLoadStrategy=normal, unhandledPromptBehavior=dismiss and notify, strictFileInteractability=false, platform=MAC, proxy=Proxy(), goog:chromeOptions={debuggerAddress=localhost:64221}, webauthn:extension:credBlob=true, acceptInsecureCerts=false, browserVersion=110.0.5481.177, browserName=chrome, javascriptEnabled=true, platformName=MAC, setWindowRect=true, webauthn:extension:largeBlob=true, webauthn:virtualAuthenticators=true}]&#10;Session ID: 44e523338ec59b1f8401ba4c351b8b3f" type="org.openqa.selenium.NoSuchWindowException">org.openqa.selenium.NoSuchWindowException: 
no such window: target window already closed
from unknown error: web view not found
  (Session info: chrome=110.0.5481.177)
Build info: version: '3.5.3', revision: 'a88d25fe6b', time: '2017-08-29T12:42:44.417Z'
System info: host: 'Ronaks-MacBook-Pro.local', ip: 'fe80:0:0:0:c8a:f216:bd3d:af8c%en0', os.name: 'Mac OS X', os.arch: 'x86_64', os.version: '12.6.3', java.version: '17.0.4.1'
Driver info: org.openqa.selenium.chrome.ChromeDriver
Capabilities [{networkConnectionEnabled=false, chrome={chromedriverVersion=110.0.5481.77 (65ed616c6e8ee3fe0ad64fe83796c020644d42af-refs/branch-heads/5481@{#839}), userDataDir=/var/folders/ln/yd31s0yn78b31d60xy3jwyfr0000gn/T/.com.google.Chrome.xBNsRO}, timeouts={implicit=0, pageLoad=300000, script=30000}, pageLoadStrategy=normal, unhandledPromptBehavior=dismiss and notify, strictFileInteractability=false, platform=MAC, proxy=Proxy(), goog:chromeOptions={debuggerAddress=localhost:64221}, webauthn:extension:credBlob=true, acceptInsecureCerts=false, browserVersion=110.0.5481.177, browserName=chrome, javascriptEnabled=true, platformName=MAC, setWindowRect=true, webauthn:extension:largeBlob=true, webauthn:virtualAuthenticators=true}]
Session ID: 44e523338ec59b1f8401ba4c351b8b3f
	at com.crm.qa.Testcases.LoginPageTest.quit(LoginPageTest.java:54)
</failure>
    <system-err><![CDATA[Mar 12, 2023 11:50:15 PM org.openqa.selenium.remote.ErrorCodes toStatus
INFO: HTTP Status: '404' -> incorrect JSON status mapping for 'no such window' (400 expected)
]]></system-err>
  </testcase>
  <testcase name="setup" classname="com.crm.qa.Testcases.LoginPageTest" time="0">
    <skipped/>
  </testcase>
  <testcase name="loginTest" classname="com.crm.qa.Testcases.LoginPageTest" time="0">
    <skipped message="no such window: target window already closed&#10;from unknown error: web view not found&#10;  (Session info: chrome=110.0.5481.177)&#10;Build info: version: &apos;3.5.3&apos;, revision: &apos;a88d25fe6b&apos;, time: &apos;2017-08-29T12:42:44.417Z&apos;&#10;System info: host: &apos;Ronaks-MacBook-Pro.local&apos;, ip: &apos;fe80:0:0:0:c8a:f216:bd3d:af8c%en0&apos;, os.name: &apos;Mac OS X&apos;, os.arch: &apos;x86_64&apos;, os.version: &apos;12.6.3&apos;, java.version: &apos;17.0.4.1&apos;&#10;Driver info: org.openqa.selenium.chrome.ChromeDriver&#10;Capabilities [{networkConnectionEnabled=false, chrome={chromedriverVersion=110.0.5481.77 (65ed616c6e8ee3fe0ad64fe83796c020644d42af-refs/branch-heads/5481@{#839}), userDataDir=/var/folders/ln/yd31s0yn78b31d60xy3jwyfr0000gn/T/.com.google.Chrome.xBNsRO}, timeouts={implicit=0, pageLoad=300000, script=30000}, pageLoadStrategy=normal, unhandledPromptBehavior=dismiss and notify, strictFileInteractability=false, platform=MAC, proxy=Proxy(), goog:chromeOptions={debuggerAddress=localhost:64221}, webauthn:extension:credBlob=true, acceptInsecureCerts=false, browserVersion=110.0.5481.177, browserName=chrome, javascriptEnabled=true, platformName=MAC, setWindowRect=true, webauthn:extension:largeBlob=true, webauthn:virtualAuthenticators=true}]&#10;Session ID: 44e523338ec59b1f8401ba4c351b8b3f"/>
  </testcase>
</testsuite>